<?xml version="1.0" encoding="utf-8"?><testsuites name="pytest tests"><testsuite name="pytest" errors="0" failures="0" skipped="0" tests="35" time="19.975" timestamp="2026-05-20T03:30:45.250328+00:00" hostname="agent-env-cef3a3e4-224d-4cfc-b214-f4ee83c0954f"><testcase classname="tests.test_pequeworld_api.TestHealth" name="test_root" time="0.338" /><testcase classname="tests.test_pequeworld_api.TestAuth" name="test_login_admin_success" time="0.773" /><testcase classname="tests.test_pequeworld_api.TestAuth" name="test_login_invalid" time="0.695" /><testcase classname="tests.test_pequeworld_api.TestAuth" name="test_register_new_user" time="0.695" /><testcase classname="tests.test_pequeworld_api.TestAuth" name="test_register_duplicate_email" time="0.822" /><testcase classname="tests.test_pequeworld_api.TestAuth" name="test_get_me_with_token" time="0.854" /><testcase classname="tests.test_pequeworld_api.TestAuth" name="test_get_me_no_token" time="0.230" /><testcase classname="tests.test_pequeworld_api.TestAuth" name="test_get_me_invalid_token" time="0.239" /><testcase classname="tests.test_pequeworld_api.TestCategories" name="test_list_categories_public" time="0.233" /><testcase classname="tests.test_pequeworld_api.TestCategories" name="test_create_category_admin" time="0.657" /><testcase classname="tests.test_pequeworld_api.TestCategories" name="test_create_category_unauthorized" time="0.673" /><testcase classname="tests.test_pequeworld_api.TestCategories" name="test_create_category_no_auth" time="0.195" /><testcase classname="tests.test_pequeworld_api.TestProducts" name="test_list_products_public" time="0.266" /><testcase classname="tests.test_pequeworld_api.TestProducts" name="test_filter_products_by_category" time="0.274" /><testcase classname="tests.test_pequeworld_api.TestProducts" name="test_filter_products_featured" time="0.236" /><testcase classname="tests.test_pequeworld_api.TestProducts" name="test_search_products" time="0.193" /><testcase classname="tests.test_pequeworld_api.TestProducts" name="test_get_product_detail" time="0.455" /><testcase classname="tests.test_pequeworld_api.TestProducts" name="test_get_product_not_found" time="0.188" /><testcase classname="tests.test_pequeworld_api.TestProducts" name="test_product_crud_admin" time="1.304" /><testcase classname="tests.test_pequeworld_api.TestProducts" name="test_product_create_customer_forbidden" time="0.209" /><testcase classname="tests.test_pequeworld_api.TestCart" name="test_cart_requires_auth" time="0.184" /><testcase classname="tests.test_pequeworld_api.TestCart" name="test_add_get_update_delete_cart" time="1.771" /><testcase classname="tests.test_pequeworld_api.TestCart" name="test_add_nonexistent_product" time="0.228" /><testcase classname="tests.test_pequeworld_api.TestCart" name="test_update_cart_invalid_quantity" time="1.142" /><testcase classname="tests.test_pequeworld_api.TestOrders" name="test_create_order_empty_cart" time="0.414" /><testcase classname="tests.test_pequeworld_api.TestOrders" name="test_full_order_flow" time="2.064" /><testcase classname="tests.test_pequeworld_api.TestOrders" name="test_list_orders_admin_sees_all" time="0.245" /><testcase classname="tests.test_pequeworld_api.TestOrders" name="test_update_order_status_admin" time="1.539" /><testcase classname="tests.test_pequeworld_api.TestOrders" name="test_update_order_status_customer_forbidden" time="0.205" /><testcase classname="tests.test_pequeworld_api.TestOrders" name="test_customer_cannot_see_other_orders" time="0.229" /><testcase classname="tests.test_pequeworld_api.TestAdminEndpoints" name="test_list_users_admin" time="0.223" /><testcase classname="tests.test_pequeworld_api.TestAdminEndpoints" name="test_list_users_customer_forbidden" time="0.232" /><testcase classname="tests.test_pequeworld_api.TestAdminEndpoints" name="test_update_user_role" time="1.236" /><testcase classname="tests.test_pequeworld_api.TestAdminEndpoints" name="test_admin_stats" time="0.245" /><testcase classname="tests.test_pequeworld_api.TestAdminEndpoints" name="test_admin_stats_customer_forbidden" time="0.207" /></testsuite></testsuites>